[2025-09-24 13:58:57] Iniciando processamento automático...
[2025-09-24 13:58:57] Erro: O servidor remoto retornou um erro: (500) Erro Interno do Servidor.
[2025-09-24 14:03:56] Iniciando processamento automático...
[2025-09-24 14:03:56] Erro: O servidor remoto retornou um erro: (500) Erro Interno do Servidor.
[2025-09-24 14:08:56] Iniciando processamento automático...
[2025-09-24 14:08:56] Erro: O servidor remoto retornou um erro: (500) Erro Interno do Servidor.
[2025-09-24 14:13:57] Iniciando processamento automático...
[2025-09-24 14:13:57] Erro: O servidor remoto retornou um erro: (500) Erro Interno do Servidor.
[2025-09-24 14:18:56] Iniciando processamento automático...
[2025-09-24 14:18:56] Erro: O servidor remoto retornou um erro: (500) Erro Interno do Servidor.
[2025-09-24 14:23:56] Iniciando processamento automático...
[2025-09-24 14:23:56] Erro: O servidor remoto retornou um erro: (500) Erro Interno do Servidor.
[2025-09-24 14:28:56] Iniciando processamento automático...
[2025-09-24 14:28:56] Erro: O servidor remoto retornou um erro: (500) Erro Interno do Servidor.
[2025-09-24 14:33:57] Iniciando processamento automático...
[2025-09-24 14:33:57] Erro: O servidor remoto retornou um erro: (500) Erro Interno do Servidor.
[2025-09-24 14:38:58] Iniciando processamento automático...
[2025-09-24 14:38:58] Erro: O servidor remoto retornou um erro: (500) Erro Interno do Servidor.
[2025-09-24 14:43:59] Iniciando processamento automático...
[2025-09-24 14:43:59] Erro: O servidor remoto retornou um erro: (500) Erro Interno do Servidor.
[2025-09-24 14:48:57] Iniciando processamento automático...
[2025-09-24 14:48:57] Sucesso: Nenhuma mensagem pendente no sistema
[2025-09-24 14:48:57] Mensagens processadas: 0
[2025-09-24 14:48:57] Créditos cobrados: 
[2025-09-24 14:53:57] Iniciando processamento automático...
[2025-09-24 14:53:57] Sucesso: Nenhuma mensagem pendente no sistema
[2025-09-24 14:53:57] Mensagens processadas: 0
[2025-09-24 14:53:57] Créditos cobrados: 
[2025-09-24 14:58:57] Iniciando processamento automático...
[2025-09-24 14:58:57] Sucesso: Nenhuma mensagem pendente no sistema
[2025-09-24 14:58:57] Mensagens processadas: 0
[2025-09-24 14:58:57] Créditos cobrados: 
[2025-09-24 15:03:57] Iniciando processamento automático...
[2025-09-24 15:03:57] Sucesso: Nenhuma mensagem pendente no sistema
[2025-09-24 15:03:57] Mensagens processadas: 0
[2025-09-24 15:03:57] Créditos cobrados: 
[2025-09-24 15:08:56] Iniciando processamento automático...
[2025-09-24 15:08:56] Sucesso: Nenhuma mensagem pendente no sistema
[2025-09-24 15:08:56] Mensagens processadas: 0
[2025-09-24 15:08:56] Créditos cobrados: 
[2025-09-24 15:13:57] Iniciando processamento automático...
[2025-09-24 15:13:57] Sucesso: Nenhuma mensagem pendente no sistema
[2025-09-24 15:13:57] Mensagens processadas: 0
[2025-09-24 15:13:57] Créditos cobrados: 
[2025-09-24 15:18:57] Iniciando processamento automático...
[2025-09-24 15:18:57] Sucesso: Nenhuma mensagem pendente no sistema
[2025-09-24 15:18:57] Mensagens processadas: 0
[2025-09-24 15:18:57] Créditos cobrados: 
[2025-09-24 15:23:57] Iniciando processamento automático...
[2025-09-24 15:23:57] Sucesso: Nenhuma mensagem pendente no sistema
[2025-09-24 15:23:57] Mensagens processadas: 0
[2025-09-24 15:23:57] Créditos cobrados: 
[2025-09-24 15:28:57] Iniciando processamento automático...
[2025-09-24 15:28:57] Sucesso: Nenhuma mensagem pendente no sistema
[2025-09-24 15:28:57] Mensagens processadas: 0
[2025-09-24 15:28:57] Créditos cobrados: 
[2025-09-24 15:33:57] Iniciando processamento automático...
[2025-09-24 15:33:57] Sucesso: Nenhuma mensagem pendente no sistema
[2025-09-24 15:33:57] Mensagens processadas: 0
[2025-09-24 15:33:57] Créditos cobrados: 
[2025-09-24 15:38:57] Iniciando processamento automático...
[2025-09-24 15:38:57] Sucesso: Nenhuma mensagem pendente no sistema
[2025-09-24 15:38:57] Mensagens processadas: 0
[2025-09-24 15:38:57] Créditos cobrados: 
[2025-09-24 15:43:57] Iniciando processamento automático...
[2025-09-24 15:43:57] Sucesso: Nenhuma mensagem pendente no sistema
[2025-09-24 15:43:57] Mensagens processadas: 0
[2025-09-24 15:43:57] Créditos cobrados: 
[2025-09-24 15:48:57] Iniciando processamento automático...
[2025-09-24 15:48:57] Sucesso: Nenhuma mensagem pendente no sistema
[2025-09-24 15:48:57] Mensagens processadas: 0
[2025-09-24 15:48:57] Créditos cobrados: 
[2025-09-24 15:53:57] Iniciando processamento automático...
[2025-09-24 15:53:57] Sucesso: Nenhuma mensagem pendente no sistema
[2025-09-24 15:53:57] Mensagens processadas: 0
[2025-09-24 15:53:57] Créditos cobrados: 
[2025-09-24 15:58:57] Iniciando processamento automático...
[2025-09-24 15:58:57] Sucesso: Nenhuma mensagem pendente no sistema
[2025-09-24 15:58:57] Mensagens processadas: 0
[2025-09-24 15:58:57] Créditos cobrados: 
[2025-09-24 16:03:57] Iniciando processamento automático...
[2025-09-24 16:03:57] Sucesso: Nenhuma mensagem pendente no sistema
[2025-09-24 16:03:57] Mensagens processadas: 0
[2025-09-24 16:03:57] Créditos cobrados: 
[2025-09-24 16:08:57] Iniciando processamento automático...
[2025-09-24 16:08:57] Sucesso: Nenhuma mensagem pendente no sistema
[2025-09-24 16:08:57] Mensagens processadas: 0
[2025-09-24 16:08:57] Créditos cobrados: 
[2025-09-24 16:13:57] Iniciando processamento automático...
[2025-09-24 16:13:57] Sucesso: Nenhuma mensagem pendente no sistema
[2025-09-24 16:13:57] Mensagens processadas: 0
[2025-09-24 16:13:57] Créditos cobrados: 
[2025-09-24 16:18:57] Iniciando processamento automático...
[2025-09-24 16:18:57] Sucesso: Nenhuma mensagem pendente no sistema
[2025-09-24 16:18:57] Mensagens processadas: 0
[2025-09-24 16:18:57] Créditos cobrados: 
[2025-09-24 16:23:57] Iniciando processamento automático...
[2025-09-24 16:23:57] Sucesso: Nenhuma mensagem pendente no sistema
[2025-09-24 16:23:57] Mensagens processadas: 0
[2025-09-24 16:23:57] Créditos cobrados: 
[2025-09-24 16:28:57] Iniciando processamento automático...
[2025-09-24 16:28:57] Sucesso: Nenhuma mensagem pendente no sistema
[2025-09-24 16:28:57] Mensagens processadas: 0
[2025-09-24 16:28:57] Créditos cobrados: 
[2025-09-24 16:33:57] Iniciando processamento automático...
[2025-09-24 16:33:57] Sucesso: Nenhuma mensagem pendente no sistema
[2025-09-24 16:33:57] Mensagens processadas: 0
[2025-09-24 16:33:57] Créditos cobrados: 
[2025-09-24 16:38:57] Iniciando processamento automático...
[2025-09-24 16:38:57] Sucesso: Nenhuma mensagem pendente no sistema
[2025-09-24 16:38:57] Mensagens processadas: 0
[2025-09-24 16:38:57] Créditos cobrados: 
[2025-09-24 16:43:57] Iniciando processamento automático...
[2025-09-24 16:43:57] Sucesso: Erro interno ao processar todas as mensagens
[2025-09-24 16:43:57] Mensagens processadas: 
[2025-09-24 16:43:57] Créditos cobrados: 
[2025-09-24 16:48:57] Iniciando processamento automático...
[2025-09-24 16:48:57] Sucesso: Nenhuma mensagem pendente no sistema
[2025-09-24 16:48:57] Mensagens processadas: 0
[2025-09-24 16:48:57] Créditos cobrados: 
[2025-09-24 16:53:57] Iniciando processamento automático...
[2025-09-24 16:53:57] Sucesso: Erro interno ao processar todas as mensagens
[2025-09-24 16:53:57] Mensagens processadas: 
[2025-09-24 16:53:57] Créditos cobrados: 
[2025-09-24 16:58:57] Iniciando processamento automático...
[2025-09-24 16:58:57] Sucesso: Nenhuma mensagem pendente no sistema
[2025-09-24 16:58:57] Mensagens processadas: 0
[2025-09-24 16:58:57] Créditos cobrados: 
[2025-09-24 17:03:57] Iniciando processamento automático...
[2025-09-24 17:03:57] Sucesso: Nenhuma mensagem pendente no sistema
[2025-09-24 17:03:57] Mensagens processadas: 0
[2025-09-24 17:03:57] Créditos cobrados: 
[2025-09-24 17:08:57] Iniciando processamento automático...
[2025-09-24 17:08:57] Sucesso: Nenhuma mensagem pendente no sistema
[2025-09-24 17:08:57] Mensagens processadas: 0
[2025-09-24 17:08:57] Créditos cobrados: 
[2025-09-24 17:13:57] Iniciando processamento automático...
[2025-09-24 17:13:57] Sucesso: Nenhuma mensagem pendente no sistema
[2025-09-24 17:13:57] Mensagens processadas: 0
[2025-09-24 17:13:57] Créditos cobrados: 
[2025-09-24 17:18:57] Iniciando processamento automático...
[2025-09-24 17:18:57] Sucesso: Nenhuma mensagem pendente no sistema
[2025-09-24 17:18:57] Mensagens processadas: 0
[2025-09-24 17:18:57] Créditos cobrados: 
[2025-09-24 17:23:57] Iniciando processamento automático...
[2025-09-24 17:23:57] Sucesso: Nenhuma mensagem pendente no sistema
[2025-09-24 17:23:57] Mensagens processadas: 0
[2025-09-24 17:23:57] Créditos cobrados: 
[2025-09-24 17:28:57] Iniciando processamento automático...
[2025-09-24 17:28:57] Sucesso: Nenhuma mensagem pendente no sistema
[2025-09-24 17:28:57] Mensagens processadas: 0
[2025-09-24 17:28:57] Créditos cobrados: 
[2025-09-24 17:33:57] Iniciando processamento automático...
[2025-09-24 17:33:57] Sucesso: Nenhuma mensagem pendente no sistema
[2025-09-24 17:33:57] Mensagens processadas: 0
[2025-09-24 17:33:57] Créditos cobrados: 
[2025-09-24 17:38:57] Iniciando processamento automático...
[2025-09-24 17:38:57] Sucesso: Nenhuma mensagem pendente no sistema
[2025-09-24 17:38:57] Mensagens processadas: 0
[2025-09-24 17:38:57] Créditos cobrados: 
[2025-09-24 17:43:57] Iniciando processamento automático...
[2025-09-24 17:43:57] Sucesso: Nenhuma mensagem pendente no sistema
[2025-09-24 17:43:57] Mensagens processadas: 0
[2025-09-24 17:43:57] Créditos cobrados: 
[2025-09-24 17:48:57] Iniciando processamento automático...
[2025-09-24 17:48:57] Sucesso: Nenhuma mensagem pendente no sistema
[2025-09-24 17:48:57] Mensagens processadas: 0
[2025-09-24 17:48:57] Créditos cobrados: 
[2025-09-24 17:53:57] Iniciando processamento automático...
[2025-09-24 17:53:57] Sucesso: Nenhuma mensagem pendente no sistema
[2025-09-24 17:53:57] Mensagens processadas: 0
[2025-09-24 17:53:57] Créditos cobrados: 
[2025-09-24 17:58:57] Iniciando processamento automático...
[2025-09-24 17:58:57] Sucesso: Nenhuma mensagem pendente no sistema
[2025-09-24 17:58:57] Mensagens processadas: 0
[2025-09-24 17:58:57] Créditos cobrados: 
[2025-09-24 18:03:57] Iniciando processamento automático...
[2025-09-24 18:03:57] Sucesso: Nenhuma mensagem pendente no sistema
[2025-09-24 18:03:57] Mensagens processadas: 0
[2025-09-24 18:03:57] Créditos cobrados: 
[2025-09-24 18:08:57] Iniciando processamento automático...
[2025-09-24 18:08:57] Sucesso: Nenhuma mensagem pendente no sistema
[2025-09-24 18:08:57] Mensagens processadas: 0
[2025-09-24 18:08:57] Créditos cobrados: 
[2025-09-24 18:13:57] Iniciando processamento automático...
[2025-09-24 18:13:57] Sucesso: Nenhuma mensagem pendente no sistema
[2025-09-24 18:13:57] Mensagens processadas: 0
[2025-09-24 18:13:57] Créditos cobrados: 
[2025-09-24 18:18:57] Iniciando processamento automático...
[2025-09-24 18:18:57] Sucesso: Nenhuma mensagem pendente no sistema
[2025-09-24 18:18:57] Mensagens processadas: 0
[2025-09-24 18:18:57] Créditos cobrados: 
[2025-09-24 18:23:57] Iniciando processamento automático...
[2025-09-24 18:23:57] Sucesso: Nenhuma mensagem pendente no sistema
[2025-09-24 18:23:57] Mensagens processadas: 0
[2025-09-24 18:23:57] Créditos cobrados: 
[2025-09-24 18:28:57] Iniciando processamento automático...
[2025-09-24 18:28:57] Sucesso: Nenhuma mensagem pendente no sistema
[2025-09-24 18:28:57] Mensagens processadas: 0
[2025-09-24 18:28:57] Créditos cobrados: 
[2025-09-24 18:33:57] Iniciando processamento automático...
[2025-09-24 18:33:57] Sucesso: Nenhuma mensagem pendente no sistema
[2025-09-24 18:33:57] Mensagens processadas: 0
[2025-09-24 18:33:57] Créditos cobrados: 
[2025-09-24 18:38:57] Iniciando processamento automático...
[2025-09-24 18:38:57] Sucesso: Nenhuma mensagem pendente no sistema
[2025-09-24 18:38:57] Mensagens processadas: 0
[2025-09-24 18:38:57] Créditos cobrados: 
[2025-09-24 18:43:57] Iniciando processamento automático...
[2025-09-24 18:43:57] Sucesso: Nenhuma mensagem pendente no sistema
[2025-09-24 18:43:57] Mensagens processadas: 0
[2025-09-24 18:43:57] Créditos cobrados: 
[2025-09-24 18:48:57] Iniciando processamento automático...
[2025-09-24 18:48:57] Sucesso: Nenhuma mensagem pendente no sistema
[2025-09-24 18:48:57] Mensagens processadas: 0
[2025-09-24 18:48:57] Créditos cobrados: 
[2025-09-24 18:53:57] Iniciando processamento automático...
[2025-09-24 18:53:57] Sucesso: Nenhuma mensagem pendente no sistema
[2025-09-24 18:53:57] Mensagens processadas: 0
[2025-09-24 18:53:57] Créditos cobrados: 
[2025-09-24 18:58:57] Iniciando processamento automático...
[2025-09-24 18:58:57] Sucesso: Nenhuma mensagem pendente no sistema
[2025-09-24 18:58:57] Mensagens processadas: 0
[2025-09-24 18:58:57] Créditos cobrados: 
[2025-09-24 19:03:57] Iniciando processamento automático...
[2025-09-24 19:03:57] Sucesso: Nenhuma mensagem pendente no sistema
[2025-09-24 19:03:57] Mensagens processadas: 0
[2025-09-24 19:03:57] Créditos cobrados: 
[2025-09-24 19:08:57] Iniciando processamento automático...
[2025-09-24 19:08:57] Sucesso: Nenhuma mensagem pendente no sistema
[2025-09-24 19:08:57] Mensagens processadas: 0
[2025-09-24 19:08:57] Créditos cobrados: 
[2025-09-24 19:13:57] Iniciando processamento automático...
[2025-09-24 19:13:57] Sucesso: Erro interno ao processar todas as mensagens
[2025-09-24 19:13:57] Mensagens processadas: 
[2025-09-24 19:13:57] Créditos cobrados: 
[2025-09-24 19:18:57] Iniciando processamento automático...
[2025-09-24 19:18:57] Sucesso: Nenhuma mensagem pendente no sistema
[2025-09-24 19:18:57] Mensagens processadas: 0
[2025-09-24 19:18:57] Créditos cobrados: 
[2025-09-24 19:23:57] Iniciando processamento automático...
[2025-09-24 19:23:57] Sucesso: Nenhuma mensagem pendente no sistema
[2025-09-24 19:23:57] Mensagens processadas: 0
[2025-09-24 19:23:57] Créditos cobrados: 
[2025-09-24 19:28:57] Iniciando processamento automático...
[2025-09-24 19:28:57] Sucesso: Nenhuma mensagem pendente no sistema
[2025-09-24 19:28:57] Mensagens processadas: 0
[2025-09-24 19:28:57] Créditos cobrados: 
[2025-09-24 19:33:57] Iniciando processamento automático...
[2025-09-24 19:33:57] Sucesso: Nenhuma mensagem pendente no sistema
[2025-09-24 19:33:57] Mensagens processadas: 0
[2025-09-24 19:33:57] Créditos cobrados: 
